<?xml version="1.0" encoding="UTF-8"?>
<!-- Generated by org.testng.reporters.JUnitReportReporter -->
<testsuite hostname="Tamima" failures="0" tests="1" name="base.baseTest" time="5.960" errors="0" timestamp="2025-07-02T16:07:43 BDT" skipped="0">
  <testcase classname="base.baseTest" name="setUp" time="5.960"/>
</testsuite> <!-- base.baseTest -->
