<?xml version="1.0" encoding="UTF-8"?>
<!-- Generated by org.testng.reporters.JUnitReportReporter -->
<testsuite hostname="Tamima" failures="0" tests="1" name="tests.LoginTest" time="15.618" errors="0" timestamp="2025-07-08T12:46:31 BDT" skipped="0">
  <testcase classname="tests.LoginTest" name="testValidLogin" time="15.618"/>
</testsuite> <!-- tests.LoginTest -->
